<?xml version="1.0" encoding="UTF-8"?>
<!-- Generated by org.testng.reporters.JUnitXMLReporter -->
<testsuite ignored="1" hostname="WBOX42" failures="0" tests="4" name="Default test" time="0.103" errors="0" timestamp="2024-03-20T16:39:29 IST">
  <testcase classname="com.AppiumDemo.genericutility.BaseClass" name="@BeforeSuite setup" time="-1.71093296929E9">
    <failure type="org.testng.TestNGException" message="
Parameter &amp;apos;device&amp;apos; is required by BeforeSuite on method setup but has not been marked @Optional or defined
in C:\Users\wbox42\AppData\Local\Temp\testng-eclipse-731521177\testng-customsuite.xml">
      <![CDATA[org.testng.TestNGException: 
Parameter 'device' is required by BeforeSuite on method setup but has not been marked @Optional or defined
in C:\Users\wbox42\AppData\Local\Temp\testng-eclipse-731521177\testng-customsuite.xml
at org.testng.internal.Parameters.createParams(Parameters.java:267)
at org.testng.internal.Parameters.createParametersForMethod(Parameters.java:355)
at org.testng.internal.Parameters.createParameters(Parameters.java:684)
at org.testng.internal.Parameters.createConfigurationParameters(Parameters.java:166)
at org.testng.internal.invokers.ConfigInvoker.invokeConfigurations(ConfigInvoker.java:306)
at org.testng.SuiteRunner.privateRun(SuiteRunner.java:382)
at org.testng.SuiteRunner.run(SuiteRunner.java:336)
at org.testng.SuiteRunnerWorker.runSuite(SuiteRunnerWorker.java:52)
at org.testng.SuiteRunnerWorker.run(SuiteRunnerWorker.java:95)
at org.testng.TestNG.runSuitesSequentially(TestNG.java:1280)
at org.testng.TestNG.runSuitesLocally(TestNG.java:1200)
at org.testng.TestNG.runSuites(TestNG.java:1114)
at org.testng.TestNG.run(TestNG.java:1082)
at org.testng.remote.AbstractRemoteTestNG.run(AbstractRemoteTestNG.java:115)
at org.testng.remote.RemoteTestNG.initAndRun(RemoteTestNG.java:251)
at org.testng.remote.RemoteTestNG.main(RemoteTestNG.java:77)
]]>
    </failure>
  </testcase> <!-- @BeforeSuite setup -->
  <testcase classname="testCases.TestClass2" name="login" time="0.0">
    <skipped/>
  </testcase> <!-- login -->
  <testcase classname="testCases.TestClass2" name="removeParty" time="0.0">
    <skipped/>
  </testcase> <!-- removeParty -->
  <testcase classname="testCases.TestClass2" name="serveParty" time="0.003">
    <skipped/>
  </testcase> <!-- serveParty -->
  <testcase classname="testCases.TestClass2" name="reAddParty" time="0.0">
    <skipped/>
  </testcase> <!-- reAddParty -->
  <testcase classname="testCases.TestClass2" name="createParty" time="0.0">
    <ignored/>
  </testcase> <!-- createParty -->
</testsuite> <!-- Default test -->
