<?xml version="1.0" encoding="UTF-8"?>
<!-- Generated by org.testng.reporters.JUnitXMLReporter -->
<testsuite ignored="6" hostname="WBOX42" failures="0" tests="0" name="Test2" time="643.132" errors="0" timestamp="2024-04-01T16:03:37 IST">
  <testcase classname="testCases.TestClass1" name="removeParty" time="0.0">
    <ignored/>
  </testcase> <!-- removeParty -->
  <testcase classname="testCases.TestClass1" name="createPartyScenario" time="0.0">
    <ignored/>
  </testcase> <!-- createPartyScenario -->
  <testcase classname="testCases.TestClass1" name="checkHistoryFilters" time="0.0">
    <ignored/>
  </testcase> <!-- checkHistoryFilters -->
  <testcase classname="testCases.TestClass1" name="serveParty" time="0.0">
    <ignored/>
  </testcase> <!-- serveParty -->
  <testcase classname="testCases.TestClass1" name="loginScenario" time="0.0">
    <ignored/>
  </testcase> <!-- loginScenario -->
  <testcase classname="testCases.TestClass1" name="Customization" time="0.0">
    <ignored/>
  </testcase> <!-- Customization -->
</testsuite> <!-- Test2 -->
