<?xml version="1.0" encoding="UTF-8"?>
<!-- Generated by org.testng.reporters.JUnitXMLReporter -->
<testsuite ignored="2" hostname="WBOX42" failures="0" tests="4" name="Test1" time="120.052" errors="0" timestamp="2024-03-22T12:10:55 IST">
  <testcase classname="testCases.TestClass2" name="signupScenario" time="42.577"/>
  <testcase classname="testCases.TestClass2" name="loginScenario" time="4.936"/>
  <testcase classname="testCases.TestClass2" name="createPartyScenario" time="36.267"/>
  <testcase classname="testCases.TestClass2" name="Customization" time="36.191"/>
  <testcase classname="testCases.TestClass2" name="serveParty" time="0.0">
    <ignored/>
  </testcase> <!-- serveParty -->
  <testcase classname="testCases.TestClass2" name="removeParty" time="0.0">
    <ignored/>
  </testcase> <!-- removeParty -->
</testsuite> <!-- Test1 -->
