<?xml version="1.0" encoding="UTF-8"?>
<!-- Generated by org.testng.reporters.JUnitXMLReporter -->
<testsuite ignored="1" hostname="WBOX42" failures="0" tests="4" name="Test1" time="171.235" errors="0" timestamp="2024-03-18T13:23:33 IST">
  <testcase classname="testCases.TestClass1" name="login" time="9.863"/>
  <testcase classname="testCases.TestClass1" name="removeParty" time="38.285"/>
  <testcase classname="testCases.TestClass1" name="serveParty" time="45.659"/>
  <testcase classname="testCases.TestClass1" name="reAddParty" time="35.853"/>
  <testcase classname="testCases.TestClass1" name="createParty" time="0.0">
    <ignored/>
  </testcase> <!-- createParty -->
</testsuite> <!-- Test1 -->
