<?xml version="1.0" encoding="UTF-8"?>
<testng-results ignored="0" total="1" passed="1" failed="0" skipped="0">
  <reporter-output>
  </reporter-output>
  <suite started-at="2024-03-07T14:05:33 IST" name="Suite" finished-at="2024-03-07T14:06:02 IST" duration-ms="29206">
    <groups>
    </groups>
    <test started-at="2024-03-07T14:05:33 IST" name="Test" finished-at="2024-03-07T14:06:02 IST" duration-ms="29206">
      <class name="testCases.TestClass1">
        <test-method is-config="true" signature="preConditions()[pri:0, instance:testCases.TestClass1@33f676f6]" started-at="2024-03-07T14:05:33 IST" name="preConditions" finished-at="2024-03-07T14:05:53 IST" duration-ms="19640" status="PASS">
          <reporter-output>
          </reporter-output>
        </test-method> <!-- preConditions -->
        <test-method signature="Login()[pri:0, instance:testCases.TestClass1@33f676f6]" started-at="2024-03-07T14:05:53 IST" name="Login" finished-at="2024-03-07T14:06:01 IST" duration-ms="8150" status="PASS">
          <reporter-output>
          </reporter-output>
        </test-method> <!-- Login -->
        <test-method is-config="true" signature="postConditions()[pri:0, instance:testCases.TestClass1@33f676f6]" started-at="2024-03-07T14:06:01 IST" name="postConditions" finished-at="2024-03-07T14:06:02 IST" duration-ms="1343" status="PASS">
          <reporter-output>
          </reporter-output>
        </test-method> <!-- postConditions -->
      </class> <!-- testCases.TestClass1 -->
    </test> <!-- Test -->
  </suite> <!-- Suite -->
</testng-results>
