<?xml version="1.0" encoding="UTF-8"?>
<testng-results ignored="0" total="3" passed="3" failed="0" skipped="0">
  <reporter-output>
  </reporter-output>
  <suite started-at="2024-03-21T13:03:11 IST" name="Suite" finished-at="2024-03-21T13:04:39 IST" duration-ms="87675">
    <groups>
    </groups>
    <test started-at="2024-03-21T13:03:11 IST" name="Test1" finished-at="2024-03-21T13:04:39 IST" duration-ms="87675">
      <class name="testCases.TestClass2">
        <test-method is-config="true" signature="setup(java.lang.String)[pri:0, instance:testCases.TestClass2@408b35bf]" started-at="2024-03-21T13:03:02 IST" name="setup" finished-at="2024-03-21T13:03:11 IST" duration-ms="9126" status="PASS">
          <params>
            <param index="0">
              <value>
                <![CDATA[samsung]]>
              </value>
            </param>
          </params>
          <reporter-output>
          </reporter-output>
        </test-method> <!-- setup -->
        <test-method signature="signupScenario()[pri:0, instance:testCases.TestClass2@408b35bf]" started-at="2024-03-21T13:03:11 IST" name="signupScenario" finished-at="2024-03-21T13:03:53 IST" duration-ms="41585" status="PASS">
          <reporter-output>
          </reporter-output>
        </test-method> <!-- signupScenario -->
        <test-method signature="loginScenario()[pri:1, instance:testCases.TestClass2@408b35bf]" started-at="2024-03-21T13:03:53 IST" name="loginScenario" finished-at="2024-03-21T13:03:58 IST" duration-ms="5629" status="PASS">
          <reporter-output>
          </reporter-output>
        </test-method> <!-- loginScenario -->
        <test-method signature="createPartyScenario()[pri:2, instance:testCases.TestClass2@408b35bf]" started-at="2024-03-21T13:03:58 IST" name="createPartyScenario" finished-at="2024-03-21T13:04:39 IST" duration-ms="40401" status="PASS">
          <reporter-output>
          </reporter-output>
        </test-method> <!-- createPartyScenario -->
        <test-method is-config="true" signature="postConditions()[pri:0, instance:testCases.TestClass2@408b35bf]" started-at="2024-03-21T13:04:39 IST" name="postConditions" finished-at="2024-03-21T13:04:43 IST" duration-ms="3596" status="PASS">
          <reporter-output>
          </reporter-output>
        </test-method> <!-- postConditions -->
      </class> <!-- testCases.TestClass2 -->
    </test> <!-- Test1 -->
  </suite> <!-- Suite -->
</testng-results>
